::1 - - [02/Jun/2017:13:43:42 +0200] "GET /index.php HTTP/1.1" 200 5393
::1 - - [02/Jun/2017:13:43:42 +0200] "GET /wampthemes/classic/style.css HTTP/1.1" 200 2466
::1 - - [02/Jun/2017:13:43:42 +0200] "GET /index.php?img=pngFolderGo HTTP/1.1" 200 694
::1 - - [02/Jun/2017:13:43:42 +0200] "GET /index.php?img=pngWrench HTTP/1.1" 200 741
::1 - - [02/Jun/2017:13:43:42 +0200] "GET /index.php?img=pngPlugin HTTP/1.1" 200 548
::1 - - [02/Jun/2017:13:43:42 +0200] "GET /index.php?img=gifLogo HTTP/1.1" 200 4549
::1 - - [02/Jun/2017:13:43:42 +0200] "GET /index.php?img=favicon HTTP/1.1" 200 1429
::1 - - [02/Jun/2017:13:44:13 +0200] "GET /test_sockets.php HTTP/1.1" 200 58
::1 - - [02/Jun/2017:13:44:13 +0200] "GET /favicon.ico HTTP/1.1" 200 202575
::1 - - [02/Jun/2017:13:44:24 +0200] "GET /testmysql.php HTTP/1.1" 200 13
::1 - - [02/Jun/2017:13:45:00 +0200] "GET /index1.php HTTP/1.1" 200 234
::1 - - [02/Jun/2017:13:45:20 +0200] "GET /index1.php HTTP/1.1" 200 234
::1 - - [02/Jun/2017:13:45:20 +0200] "GET /favicon.ico HTTP/1.1" 200 202575
::1 - - [02/Jun/2017:13:47:08 +0200] "GET /index.php HTTP/1.1" 200 5
::1 - - [02/Jun/2017:13:48:08 +0200] "-" 408 -
::1 - - [02/Jun/2017:13:48:08 +0200] "-" 408 -
::1 - - [02/Jun/2017:14:47:49 +0200] "GET /index.php HTTP/1.1" 200 264
::1 - - [02/Jun/2017:14:47:50 +0200] "GET /favicon.ico HTTP/1.1" 200 202575
::1 - - [02/Jun/2017:14:48:16 +0200] "GET /index.php HTTP/1.1" 200 267
::1 - - [02/Jun/2017:14:48:17 +0200] "GET /favicon.ico HTTP/1.1" 200 202575
::1 - - [02/Jun/2017:14:48:20 +0200] "POST /index.php HTTP/1.1" 200 267
::1 - - [02/Jun/2017:14:48:41 +0200] "POST /index.php HTTP/1.1" 200 267
::1 - - [02/Jun/2017:14:50:02 +0200] "POST /index.php HTTP/1.1" 200 284
::1 - - [02/Jun/2017:14:50:02 +0200] "GET /favicon.ico HTTP/1.1" 200 202575
::1 - - [02/Jun/2017:14:50:09 +0200] "POST /index.php HTTP/1.1" 200 370
::1 - - [02/Jun/2017:14:50:32 +0200] "POST /index.php HTTP/1.1" 200 377
::1 - - [02/Jun/2017:14:50:36 +0200] "POST /index.php HTTP/1.1" 200 353
::1 - - [02/Jun/2017:14:50:47 +0200] "POST /index.php HTTP/1.1" 200 397
::1 - - [02/Jun/2017:14:53:48 +0200] "POST /index.php HTTP/1.1" 200 951
::1 - - [02/Jun/2017:14:53:48 +0200] "GET /favicon.ico HTTP/1.1" 200 202575
::1 - - [02/Jun/2017:14:54:46 +0200] "POST /index.php HTTP/1.1" 200 951
::1 - - [02/Jun/2017:14:55:20 +0200] "POST /index.php HTTP/1.1" 200 311
::1 - - [02/Jun/2017:14:55:28 +0200] "POST /index.php HTTP/1.1" 200 311
::1 - - [02/Jun/2017:14:55:55 +0200] "POST /index.php HTTP/1.1" 200 311
::1 - - [02/Jun/2017:14:56:17 +0200] "POST /index.php HTTP/1.1" 200 311
::1 - - [02/Jun/2017:14:56:51 +0200] "POST /index.php HTTP/1.1" 200 311
::1 - - [02/Jun/2017:14:56:52 +0200] "POST /index.php HTTP/1.1" 200 376
::1 - - [02/Jun/2017:15:00:55 +0200] "POST /index.php HTTP/1.1" 200 1383
::1 - - [02/Jun/2017:15:08:46 +0200] "POST /index.php HTTP/1.1" 200 429
::1 - - [02/Jun/2017:15:09:09 +0200] "POST /index.php HTTP/1.1" 200 373
::1 - - [02/Jun/2017:15:09:31 +0200] "POST /index.php HTTP/1.1" 200 376
::1 - - [02/Jun/2017:15:09:40 +0200] "POST /index.php HTTP/1.1" 200 10245
::1 - - [02/Jun/2017:15:20:44 +0200] "POST /index.php HTTP/1.1" 200 391
::1 - - [02/Jun/2017:15:21:10 +0200] "POST /index.php HTTP/1.1" 200 416
::1 - - [02/Jun/2017:15:21:56 +0200] "POST /index.php HTTP/1.1" 200 416
::1 - - [02/Jun/2017:15:22:38 +0200] "POST /index.php HTTP/1.1" 200 10245
::1 - - [02/Jun/2017:15:29:20 +0200] "POST /index.php HTTP/1.1" 200 373
::1 - - [02/Jun/2017:15:29:52 +0200] "POST /index.php HTTP/1.1" 200 10527
::1 - - [02/Jun/2017:15:29:53 +0200] "GET /favicon.ico HTTP/1.1" 200 202575
::1 - - [02/Jun/2017:15:29:55 +0200] "POST /index.php HTTP/1.1" 200 686
::1 - - [02/Jun/2017:18:18:20 +0200] "POST /index.php HTTP/1.1" 200 373
::1 - - [02/Jun/2017:18:18:20 +0200] "GET /favicon.ico HTTP/1.1" 200 202575
::1 - - [02/Jun/2017:18:18:46 +0200] "POST /index.php HTTP/1.1" 200 2183
::1 - - [02/Jun/2017:18:18:46 +0200] "GET /css/bootstrap.min.css HTTP/1.1" 404 304
::1 - - [02/Jun/2017:18:18:46 +0200] "GET /js/bootstrap.min.js HTTP/1.1" 404 302
::1 - - [02/Jun/2017:18:18:46 +0200] "GET /js/bootstrap.min.js HTTP/1.1" 404 302
::1 - - [02/Jun/2017:18:18:46 +0200] "GET /favicon.ico HTTP/1.1" 200 202575
::1 - - [02/Jun/2017:18:22:20 +0200] "POST /index.php HTTP/1.1" 200 2504
::1 - - [02/Jun/2017:18:22:20 +0200] "GET /css/bootstrap.min.css HTTP/1.1" 404 304
::1 - - [02/Jun/2017:18:22:20 +0200] "GET /js/bootstrap.min.js HTTP/1.1" 404 302
::1 - - [02/Jun/2017:18:22:20 +0200] "GET /js/bootstrap.min.js HTTP/1.1" 404 302
::1 - - [02/Jun/2017:18:22:20 +0200] "GET /favicon.ico HTTP/1.1" 200 202575
::1 - - [02/Jun/2017:18:24:48 +0200] "GET /css/bootstrap.min.css HTTP/1.1" 200 121200
::1 - - [02/Jun/2017:18:24:48 +0200] "GET /css/bootstrap.min.css.map HTTP/1.1" 200 542194
::1 - - [02/Jun/2017:18:24:51 +0200] "POST /index.php HTTP/1.1" 200 2504
::1 - - [02/Jun/2017:18:24:52 +0200] "GET /js/bootstrap.min.js HTTP/1.1" 404 302
::1 - - [02/Jun/2017:18:25:17 +0200] "POST /index.php HTTP/1.1" 200 2504
::1 - - [02/Jun/2017:18:25:17 +0200] "GET /js/bootstrap.min.js HTTP/1.1" 200 37045
::1 - - [02/Jun/2017:18:28:07 +0200] "POST /index.php HTTP/1.1" 200 2525
::1 - - [02/Jun/2017:18:29:55 +0200] "POST /index.php HTTP/1.1" 200 2867
::1 - - [02/Jun/2017:18:31:06 +0200] "POST /index.php HTTP/1.1" 200 2890
::1 - - [02/Jun/2017:18:34:07 +0200] "POST /index.php HTTP/1.1" 200 3042
::1 - - [02/Jun/2017:18:35:34 +0200] "POST /index.php HTTP/1.1" 200 3100
::1 - - [02/Jun/2017:18:36:07 +0200] "POST /index.php HTTP/1.1" 200 3098
::1 - - [02/Jun/2017:18:38:34 +0200] "POST /index.php HTTP/1.1" 200 3056
::1 - - [02/Jun/2017:18:38:39 +0200] "POST /index.php HTTP/1.1" 200 3056
::1 - - [02/Jun/2017:18:39:27 +0200] "POST /index.php HTTP/1.1" 200 3036
::1 - - [02/Jun/2017:18:40:26 +0200] "POST /index.php HTTP/1.1" 200 2965
::1 - - [02/Jun/2017:18:42:38 +0200] "POST /index.php HTTP/1.1" 200 3067
::1 - - [02/Jun/2017:18:42:59 +0200] "POST /index.php HTTP/1.1" 200 3088
::1 - - [02/Jun/2017:18:45:56 +0200] "POST /index.php HTTP/1.1" 200 3121
::1 - - [02/Jun/2017:18:45:56 +0200] "GET /image.jpg HTTP/1.1" 200 843426
::1 - - [02/Jun/2017:18:47:16 +0200] "POST /index.php HTTP/1.1" 200 3356
::1 - - [02/Jun/2017:18:47:16 +0200] "GET /image.jpg HTTP/1.1" 304 -
::1 - - [02/Jun/2017:18:47:16 +0200] "GET /images/bg.jpg HTTP/1.1" 404 296
::1 - - [02/Jun/2017:18:47:16 +0200] "GET /favicon.ico HTTP/1.1" 200 202575
::1 - - [02/Jun/2017:18:48:10 +0200] "POST /index.php HTTP/1.1" 200 3404
::1 - - [02/Jun/2017:18:48:10 +0200] "GET /image.jpg HTTP/1.1" 304 -
::1 - - [02/Jun/2017:18:48:10 +0200] "GET /images/bg.jpg HTTP/1.1" 404 296
::1 - - [02/Jun/2017:18:48:10 +0200] "GET /favicon.ico HTTP/1.1" 200 202575
::1 - - [02/Jun/2017:18:48:16 +0200] "POST /index.php HTTP/1.1" 200 3404
::1 - - [02/Jun/2017:18:48:16 +0200] "GET /images/bg.jpg HTTP/1.1" 404 296
::1 - - [02/Jun/2017:18:48:16 +0200] "GET /favicon.ico HTTP/1.1" 200 202575
::1 - - [02/Jun/2017:18:48:59 +0200] "POST /index.php HTTP/1.1" 200 3409
::1 - - [02/Jun/2017:18:48:59 +0200] "GET /image.jpg HTTP/1.1" 304 -
::1 - - [02/Jun/2017:18:48:59 +0200] "GET /favicon.ico HTTP/1.1" 200 202575
::1 - - [02/Jun/2017:18:50:49 +0200] "POST /index.php HTTP/1.1" 200 3409
::1 - - [02/Jun/2017:18:50:49 +0200] "GET /image.jpg HTTP/1.1" 200 427730
::1 - - [02/Jun/2017:18:50:50 +0200] "GET /favicon.ico HTTP/1.1" 200 202575
::1 - - [02/Jun/2017:18:51:13 +0200] "POST /index.php HTTP/1.1" 200 3435
::1 - - [02/Jun/2017:18:51:14 +0200] "GET /image.jpg HTTP/1.1" 304 -
::1 - - [02/Jun/2017:18:51:14 +0200] "GET /favicon.ico HTTP/1.1" 200 202575
::1 - - [02/Jun/2017:18:51:27 +0200] "POST /index.php HTTP/1.1" 200 3435
::1 - - [02/Jun/2017:18:51:28 +0200] "GET /image.jpg HTTP/1.1" 304 -
::1 - - [02/Jun/2017:18:51:28 +0200] "GET /favicon.ico HTTP/1.1" 200 202575
::1 - - [02/Jun/2017:18:51:41 +0200] "POST /index.php HTTP/1.1" 200 3435
::1 - - [02/Jun/2017:18:51:41 +0200] "GET /image.jpg HTTP/1.1" 304 -
::1 - - [02/Jun/2017:18:51:41 +0200] "GET /favicon.ico HTTP/1.1" 200 202575
::1 - - [02/Jun/2017:18:52:40 +0200] "POST /index.php HTTP/1.1" 200 3517
::1 - - [02/Jun/2017:18:52:40 +0200] "GET /image.jpg HTTP/1.1" 304 -
::1 - - [02/Jun/2017:18:52:40 +0200] "GET /favicon.ico HTTP/1.1" 200 202575
::1 - - [02/Jun/2017:18:53:30 +0200] "POST /index.php HTTP/1.1" 200 3592
::1 - - [02/Jun/2017:18:53:30 +0200] "GET /image.jpg HTTP/1.1" 304 -
::1 - - [02/Jun/2017:18:53:30 +0200] "GET /favicon.ico HTTP/1.1" 200 202575
::1 - - [02/Jun/2017:18:54:30 +0200] "-" 408 -
::1 - - [02/Jun/2017:18:55:12 +0200] "POST /index.php HTTP/1.1" 200 3730
::1 - - [02/Jun/2017:18:55:12 +0200] "GET /image.jpg HTTP/1.1" 304 -
::1 - - [02/Jun/2017:18:55:12 +0200] "GET /favicon.ico HTTP/1.1" 200 202575
::1 - - [02/Jun/2017:18:55:25 +0200] "POST /index.php HTTP/1.1" 200 3731
::1 - - [02/Jun/2017:18:55:25 +0200] "GET /favicon.ico HTTP/1.1" 200 202575
::1 - - [02/Jun/2017:18:56:25 +0200] "-" 408 -
::1 - - [02/Jun/2017:18:56:27 +0200] "POST /index.php HTTP/1.1" 200 3884
::1 - - [02/Jun/2017:18:56:27 +0200] "GET /image.jpg HTTP/1.1" 304 -
::1 - - [02/Jun/2017:18:56:28 +0200] "GET /favicon.ico HTTP/1.1" 200 202575
::1 - - [02/Jun/2017:18:56:42 +0200] "POST /index.php HTTP/1.1" 200 3884
::1 - - [02/Jun/2017:18:56:42 +0200] "GET /favicon.ico HTTP/1.1" 200 202575
::1 - - [02/Jun/2017:18:57:42 +0200] "-" 408 -
::1 - - [02/Jun/2017:18:58:20 +0200] "POST /index.php HTTP/1.1" 200 3960
::1 - - [02/Jun/2017:18:58:20 +0200] "GET /image.jpg HTTP/1.1" 304 -
::1 - - [02/Jun/2017:18:58:20 +0200] "GET /favicon.ico HTTP/1.1" 200 202575
::1 - - [02/Jun/2017:18:59:13 +0200] "POST /index.php HTTP/1.1" 200 4058
::1 - - [02/Jun/2017:18:59:13 +0200] "GET /image.jpg HTTP/1.1" 304 -
::1 - - [02/Jun/2017:18:59:13 +0200] "GET /favicon.ico HTTP/1.1" 200 202575
::1 - - [02/Jun/2017:18:59:36 +0200] "POST /index.php HTTP/1.1" 200 4075
::1 - - [02/Jun/2017:18:59:36 +0200] "GET /favicon.ico HTTP/1.1" 200 202575
::1 - - [02/Jun/2017:19:00:36 +0200] "-" 408 -
::1 - - [02/Jun/2017:19:00:37 +0200] "POST /index.php HTTP/1.1" 200 4225
::1 - - [02/Jun/2017:19:00:37 +0200] "GET /image.jpg HTTP/1.1" 304 -
::1 - - [02/Jun/2017:19:00:38 +0200] "GET /favicon.ico HTTP/1.1" 200 202575
::1 - - [02/Jun/2017:19:01:14 +0200] "POST /index.php HTTP/1.1" 200 4247
::1 - - [02/Jun/2017:19:01:15 +0200] "GET /favicon.ico HTTP/1.1" 200 202575
::1 - - [02/Jun/2017:19:02:48 +0200] "POST /index.php HTTP/1.1" 200 4304
::1 - - [02/Jun/2017:19:02:49 +0200] "GET /image.jpg HTTP/1.1" 304 -
::1 - - [02/Jun/2017:19:02:49 +0200] "GET /favicon.ico HTTP/1.1" 200 202575
::1 - - [02/Jun/2017:19:03:48 +0200] "-" 408 -
